xion-android-demo/app/build/intermediates/manifest_merge_blame_file/debug/manifest-merger-blame-debug-report.txt
1<?xml version="1.0" encoding="utf-8"?>
2<manifest xmlns:android="http://schemas.android.com/apk/res/android"
3    package="com.burnt.xiondemo"
4    android:versionCode="1"
5    android:versionName="1.0.0" >
6
7    <uses-sdk
8        android:minSdkVersion="26"
9        android:targetSdkVersion="34" />
10
11    <uses-permission android:name="android.permission.INTERNET" />
11-->src/main/AndroidManifest.xml:4:5-67
11-->src/main/AndroidManifest.xml:4:22-64
12
13    <permission
13-->[androidx.core:core:1.12.0] AndroidManifest.xml:22:5-24:47
14        android:name="com.burnt.xiondemo.DYNAMIC_RECEIVER_NOT_EXPORTED_PERMISSION"
14-->[androidx.core:core:1.12.0] AndroidManifest.xml:23:9-81
15        android:protectionLevel="signature" />
15-->[androidx.core:core:1.12.0] AndroidManifest.xml:24:9-44
16
17    <uses-permission android:name="com.burnt.xiondemo.DYNAMIC_RECEIVER_NOT_EXPORTED_PERMISSION" />
17-->[androidx.core:core:1.12.0] AndroidManifest.xml:26:5-97
17-->[androidx.core:core:1.12.0] AndroidManifest.xml:26:22-94
18
19    <application
19-->src/main/AndroidManifest.xml:6:5-36:19
20        android:name="com.burnt.xiondemo.XionDemoApp"
20-->src/main/AndroidManifest.xml:7:9-36
21        android:allowBackup="false"
21-->src/main/AndroidManifest.xml:8:9-36
22        android:appComponentFactory="androidx.core.app.CoreComponentFactory"
22-->[androidx.core:core:1.12.0] AndroidManifest.xml:28:18-86
23        android:debuggable="true"
24        android:extractNativeLibs="false"
25        android:icon="@mipmap/ic_launcher"
25-->src/main/AndroidManifest.xml:9:9-43
26        android:label="@string/app_name"
26-->src/main/AndroidManifest.xml:10:9-41
27        android:networkSecurityConfig="@xml/network_security_config"
27-->src/main/AndroidManifest.xml:13:9-69
28        android:supportsRtl="true"
28-->src/main/AndroidManifest.xml:11:9-35
29        android:theme="@style/Theme.XionDemo" >
29-->src/main/AndroidManifest.xml:12:9-46
30        <activity
30-->src/main/AndroidManifest.xml:15:9-35:20
31            android:name="com.burnt.xiondemo.MainActivity"
31-->src/main/AndroidManifest.xml:16:13-41
32            android:exported="true"
32-->src/main/AndroidManifest.xml:17:13-36
33            android:launchMode="singleTask"
33-->src/main/AndroidManifest.xml:19:13-44
34            android:theme="@style/Theme.XionDemo" >
34-->src/main/AndroidManifest.xml:18:13-50
35            <intent-filter>
35-->src/main/AndroidManifest.xml:21:13-24:29
36                <action android:name="android.intent.action.MAIN" />
36-->src/main/AndroidManifest.xml:22:17-69
36-->src/main/AndroidManifest.xml:22:25-66
37
38                <category android:name="android.intent.category.LAUNCHER" />
38-->src/main/AndroidManifest.xml:23:17-77
38-->src/main/AndroidManifest.xml:23:27-74
39            </intent-filter>
40
41            <!-- OAuth2 deep link callback -->
42            <intent-filter>
42-->src/main/AndroidManifest.xml:27:13-34:29
43                <action android:name="android.intent.action.VIEW" />
43-->src/main/AndroidManifest.xml:28:17-69
43-->src/main/AndroidManifest.xml:28:25-66
44
45                <category android:name="android.intent.category.DEFAULT" />
45-->src/main/AndroidManifest.xml:29:17-76
45-->src/main/AndroidManifest.xml:29:27-73
46                <category android:name="android.intent.category.BROWSABLE" />
46-->src/main/AndroidManifest.xml:30:17-78
46-->src/main/AndroidManifest.xml:30:27-75
47
48                <data
48-->src/main/AndroidManifest.xml:31:17-33:47
49                    android:host="callback"
49-->src/main/AndroidManifest.xml:33:21-44
50                    android:scheme="xiondemo" />
50-->src/main/AndroidManifest.xml:32:21-46
51            </intent-filter>
52        </activity>
53        <activity
53-->[androidx.compose.ui:ui-tooling-android:1.6.1] AndroidManifest.xml:23:9-25:39
54            android:name="androidx.compose.ui.tooling.PreviewActivity"
54-->[androidx.compose.ui:ui-tooling-android:1.6.1] AndroidManifest.xml:24:13-71
55            android:exported="true" />
55-->[androidx.compose.ui:ui-tooling-android:1.6.1] AndroidManifest.xml:25:13-36
56
57        <provider
57-->[androidx.emoji2:emoji2:1.3.0] AndroidManifest.xml:24:9-32:20
58            android:name="androidx.startup.InitializationProvider"
58-->[androidx.emoji2:emoji2:1.3.0] AndroidManifest.xml:25:13-67
59            android:authorities="com.burnt.xiondemo.androidx-startup"
59-->[androidx.emoji2:emoji2:1.3.0] AndroidManifest.xml:26:13-68
60            android:exported="false" >
60-->[androidx.emoji2:emoji2:1.3.0] AndroidManifest.xml:27:13-37
61            <meta-data
61-->[androidx.emoji2:emoji2:1.3.0] AndroidManifest.xml:29:13-31:52
62                android:name="androidx.emoji2.text.EmojiCompatInitializer"
62-->[androidx.emoji2:emoji2:1.3.0] AndroidManifest.xml:30:17-75
63                android:value="androidx.startup" />
63-->[androidx.emoji2:emoji2:1.3.0] AndroidManifest.xml:31:17-49
64            <meta-data
64-->[androidx.lifecycle:lifecycle-process:2.7.0] AndroidManifest.xml:29:13-31:52
65                android:name="androidx.lifecycle.ProcessLifecycleInitializer"
65-->[androidx.lifecycle:lifecycle-process:2.7.0] AndroidManifest.xml:30:17-78
66                android:value="androidx.startup" />
66-->[androidx.lifecycle:lifecycle-process:2.7.0] AndroidManifest.xml:31:17-49
67            <meta-data
67-->[androidx.profileinstaller:profileinstaller:1.3.0] AndroidManifest.xml:29:13-31:52
68                android:name="androidx.profileinstaller.ProfileInstallerInitializer"
68-->[androidx.profileinstaller:profileinstaller:1.3.0] AndroidManifest.xml:30:17-85
69                android:value="androidx.startup" />
69-->[androidx.profileinstaller:profileinstaller:1.3.0] AndroidManifest.xml:31:17-49
70        </provider>
71
72        <receiver
72-->[androidx.profileinstaller:profileinstaller:1.3.0] AndroidManifest.xml:34:9-52:20
73            android:name="androidx.profileinstaller.ProfileInstallReceiver"
73-->[androidx.profileinstaller:profileinstaller:1.3.0] AndroidManifest.xml:35:13-76
74            android:directBootAware="false"
74-->[androidx.profileinstaller:profileinstaller:1.3.0] AndroidManifest.xml:36:13-44
75            android:enabled="true"
75-->[androidx.profileinstaller:profileinstaller:1.3.0] AndroidManifest.xml:37:13-35
76            android:exported="true"
76-->[androidx.profileinstaller:profileinstaller:1.3.0] AndroidManifest.xml:38:13-36
77            android:permission="android.permission.DUMP" >
77-->[androidx.profileinstaller:profileinstaller:1.3.0] AndroidManifest.xml:39:13-57
78            <intent-filter>
78-->[androidx.profileinstaller:profileinstaller:1.3.0] AndroidManifest.xml:40:13-42:29
79                <action android:name="androidx.profileinstaller.action.INSTALL_PROFILE" />
79-->[androidx.profileinstaller:profileinstaller:1.3.0] AndroidManifest.xml:41:17-91
79-->[androidx.profileinstaller:profileinstaller:1.3.0] AndroidManifest.xml:41:25-88
80            </intent-filter>
81            <intent-filter>
81-->[androidx.profileinstaller:profileinstaller:1.3.0] AndroidManifest.xml:43:13-45:29
82                <action android:name="androidx.profileinstaller.action.SKIP_FILE" />
82-->[androidx.profileinstaller:profileinstaller:1.3.0] AndroidManifest.xml:44:17-85
82-->[androidx.profileinstaller:profileinstaller:1.3.0] AndroidManifest.xml:44:25-82
83            </intent-filter>
84            <intent-filter>
84-->[androidx.profileinstaller:profileinstaller:1.3.0] AndroidManifest.xml:46:13-48:29
85                <action android:name="androidx.profileinstaller.action.SAVE_PROFILE" />
85-->[androidx.profileinstaller:profileinstaller:1.3.0] AndroidManifest.xml:47:17-88
85-->[androidx.profileinstaller:profileinstaller:1.3.0] AndroidManifest.xml:47:25-85
86            </intent-filter>
87            <intent-filter>
87-->[androidx.profileinstaller:profileinstaller:1.3.0] AndroidManifest.xml:49:13-51:29
88                <action android:name="androidx.profileinstaller.action.BENCHMARK_OPERATION" />
88-->[androidx.profileinstaller:profileinstaller:1.3.0] AndroidManifest.xml:50:17-95
88-->[androidx.profileinstaller:profileinstaller:1.3.0] AndroidManifest.xml:50:25-92
89            </intent-filter>
90        </receiver>
91    </application>
92
93</manifest>